<?xml version="1.0" encoding="UTF-8"?>
<!-- Generated by org.testng.reporters.JUnitXMLReporter -->
<testsuite ignored="0" hostname="HP" failures="0" tests="3" name="Default test" time="8.804" errors="0" timestamp="2025-04-16T00:11:47 IST">
  <testcase classname="testcases.LoginApplication" name="loginWithValidCredentials" time="2.967"/>
  <testcase classname="testcases.LoginApplication" name="logoutFromApplication" time="0.527"/>
  <testcase classname="testcases.LoginApplication" name="verifyFooterLinks" time="0.02"/>
</testsuite> <!-- Default test -->
