<?xml version="1.0" encoding="UTF-8"?>
<testng-results ignored="0" total="3" passed="3" failed="0" skipped="0">
  <reporter-output>
  </reporter-output>
  <suite started-at="2025-04-16T00:11:38 IST" name="Default suite" finished-at="2025-04-16T00:11:46 IST" duration-ms="8804">
    <groups>
    </groups>
    <test started-at="2025-04-16T00:11:38 IST" name="Default test" finished-at="2025-04-16T00:11:46 IST" duration-ms="8804">
      <class name="testcases.LoginApplication">
        <test-method is-config="true" signature="setup()[pri:0, instance:testcases.LoginApplication@6cb107fd]" started-at="2025-04-16T00:11:38 IST" name="setup" finished-at="2025-04-16T00:11:43 IST" duration-ms="4970" status="PASS">
          <reporter-output>
          </reporter-output>
        </test-method> <!-- setup -->
        <test-method signature="loginWithValidCredentials()[pri:1, instance:testcases.LoginApplication@6cb107fd]" started-at="2025-04-16T00:11:43 IST" name="loginWithValidCredentials" finished-at="2025-04-16T00:11:46 IST" duration-ms="2967" status="PASS">
          <reporter-output>
          </reporter-output>
        </test-method> <!-- loginWithValidCredentials -->
        <test-method signature="logoutFromApplication()[pri:2, instance:testcases.LoginApplication@6cb107fd]" started-at="2025-04-16T00:11:46 IST" name="logoutFromApplication" finished-at="2025-04-16T00:11:46 IST" depends-on-methods="testcases.LoginApplication.loginWithValidCredentials" duration-ms="527" status="PASS">
          <reporter-output>
          </reporter-output>
        </test-method> <!-- logoutFromApplication -->
        <test-method signature="verifyFooterLinks()[pri:3, instance:testcases.LoginApplication@6cb107fd]" started-at="2025-04-16T00:11:46 IST" name="verifyFooterLinks" finished-at="2025-04-16T00:11:46 IST" duration-ms="20" status="PASS">
          <reporter-output>
          </reporter-output>
        </test-method> <!-- verifyFooterLinks -->
        <test-method is-config="true" signature="tierDown()[pri:0, instance:testcases.LoginApplication@6cb107fd]" started-at="2025-04-16T00:11:46 IST" name="tierDown" finished-at="2025-04-16T00:11:46 IST" duration-ms="231" status="PASS">
          <reporter-output>
          </reporter-output>
        </test-method> <!-- tierDown -->
      </class> <!-- testcases.LoginApplication -->
    </test> <!-- Default test -->
  </suite> <!-- Default suite -->
</testng-results>
